<?xml version="1.0" encoding="UTF-8"?>
<!-- Generated by org.testng.reporters.JUnitXMLReporter -->
<testsuite ignored="0" hostname="ankur-Latitude-3520" failures="0" tests="4" name="Command line test" time="38.572" errors="0" timestamp="2022-08-10T01:35:14 IST">
  <testcase classname="Login.LoginPageTest" name="basePageNavigation" time="2.721"/>
  <testcase classname="Login.LoginPageTest" name="basePageNavigation" time="6.029"/>
  <testcase classname="Login.LoginPageTest" name="basePageNavigation" time="10.254"/>
  <testcase classname="Login.LoginPageTest" name="basePageNavigation" time="17.126"/>
</testsuite> <!-- Command line test -->
