<?xml version="1.0" encoding="UTF-8"?>
<!-- Generated by org.testng.reporters.JUnitXMLReporter -->
<testsuite ignored="0" hostname="ankur-Latitude-3520" failures="0" tests="1" name="/home/ankur/Documents/intern code review/WebinarFrameworkDemo" time="1.874" errors="0" timestamp="2022-08-10T19:46:38 IST">
  <testcase classname="Login.LoginPageTest" name="basePageNavigation" time="0.0">
    <skipped/>
  </testcase> <!-- basePageNavigation -->
</testsuite> <!-- /home/ankur/Documents/intern code review/WebinarFrameworkDemo -->
